<?xml version="1.0" encoding="utf-8"?><testsuites name="pytest tests"><testsuite name="pytest" errors="0" failures="0" skipped="0" tests="234" time="3.707" timestamp="2026-09-09T08:06:17.244670+02:00" hostname="DESKTOP-PRL8B18"><testcase classname="tests.test_poc.ClubParserTest" name="test_all_club_teams_are_parsed_without_fixed_team_list" time="0.031" /><testcase classname="tests.test_poc.ClubParserTest" name="test_away_game_without_published_venue_does_not_block_feed" time="0.002" /><testcase classname="tests.test_poc.ClubParserTest" name="test_cancelled_game_with_local_venue_does_not_create_occupancy" time="0.001" /><testcase classname="tests.test_poc.ClubParserTest" name="test_conflicting_duplicate_detail_id_still_aborts" time="0.018" /><testcase classname="tests.test_poc.ClubParserTest" name="test_detail_page_title_provides_canonical_date" time="0.003" /><testcase classname="tests.test_poc.ClubParserTest" name="test_empty_window_is_valid" time="0.002" /><testcase classname="tests.test_poc.ClubParserTest" name="test_external_match_link_in_source_html_is_rejected" time="0.005" /><testcase classname="tests.test_poc.ClubParserTest" name="test_formal_away_game_on_local_pitch_remains_detectable" time="0.016" /><testcase classname="tests.test_poc.ClubParserTest" name="test_home_game_without_published_venue_still_requires_review" time="0.002" /><testcase classname="tests.test_poc.ClubParserTest" name="test_identical_duplicate_detail_id_is_collapsed_safely" time="0.024" /><testcase classname="tests.test_poc.ClubParserTest" name="test_kickoff_conflict_is_resolved_by_official_detail_page" time="0.024" /><testcase classname="tests.test_poc.ClubParserTest" name="test_more_load_marker_is_detected" time="0.006" /><testcase classname="tests.test_poc.ClubParserTest" name="test_new_cancelled_home_game_without_venue_is_safely_excluded" time="0.001" /><testcase classname="tests.test_poc.ClubParserTest" name="test_new_team_id_and_category_are_extracted" time="0.016" /><testcase classname="tests.test_poc.ClubParserTest" name="test_requested_timing_is_60_minutes_before_and_after_the_match" time="0.015" /><testcase classname="tests.test_poc.ClubParserTest" name="test_spielfrei_is_excluded_without_review" time="0.016" /><testcase classname="tests.test_poc.ClubParserTest" name="test_structurally_different_g_youth_festival_is_not_dropped" time="0.007" /><testcase classname="tests.test_poc.ClubParserTest" name="test_unparsed_detail_link_aborts" time="0.015" /><testcase classname="tests.test_poc.ClubParserTest" name="test_venue_rules_include_both_local_pitches_and_exclude_deetz" time="0.019" /><testcase classname="tests.test_poc.WindowAndQualityTest" name="test_adaptive_split_replaces_a_truncated_parent_window" time="0.032" /><testcase classname="tests.test_poc.WindowAndQualityTest" name="test_club_endpoint_uses_club_id_venues_dates_and_max_rows" time="0.001" /><testcase classname="tests.test_poc.WindowAndQualityTest" name="test_initial_quarter_windows_cover_the_full_season" time="0.001" /><testcase classname="tests.test_poc.WindowAndQualityTest" name="test_quality_accepts_complete_coverage_without_arbitrary_match_minimum" time="0.001" /><testcase classname="tests.test_poc.WindowAndQualityTest" name="test_quality_rejects_a_gap_in_window_coverage" time="0.001" /><testcase classname="tests.test_poc.WindowAndQualityTest" name="test_quality_rejects_review_matches" time="0.001" /><testcase classname="tests.test_poc.WindowAndQualityTest" name="test_window_split_is_non_overlapping_and_complete" time="0.001" /><testcase classname="tests.test_poc.RegistryTest" name="test_registry_reports_new_and_known_teams" time="0.016" /><testcase classname="tests.test_poc.RequestProtectionTest" name="test_403_sets_permanent_global_security_lock" time="0.012" /><testcase classname="tests.test_poc.RequestProtectionTest" name="test_404_is_not_retried" time="0.001" /><testcase classname="tests.test_poc.RequestProtectionTest" name="test_406_sets_permanent_global_security_lock" time="0.011" /><testcase classname="tests.test_poc.RequestProtectionTest" name="test_429_stops_and_persists_retry_after" time="0.011" /><testcase classname="tests.test_poc.RequestProtectionTest" name="test_503_is_retried_only_once" time="0.003" /><testcase classname="tests.test_poc.RequestProtectionTest" name="test_challenge_page_with_http_200_sets_security_lock" time="0.012" /><testcase classname="tests.test_poc.RequestProtectionTest" name="test_existing_security_lock_prevents_network_request" time="0.004" /><testcase classname="tests.test_poc.RequestProtectionTest" name="test_external_redirect_is_rejected_without_following_it" time="0.001" /><testcase classname="tests.test_poc.RequestProtectionTest" name="test_external_url_is_rejected_before_network_request" time="0.001" /><testcase classname="tests.test_poc.RequestProtectionTest" name="test_hard_safety_limits_cannot_be_raised_by_config" time="0.001" /><testcase classname="tests.test_poc.RequestProtectionTest" name="test_only_exact_fussball_https_origin_is_allowed" time="0.002" /><testcase classname="tests.test_poc.RequestProtectionTest" name="test_oversized_response_is_rejected" time="0.001" /><testcase classname="tests.test_poc.RequestProtectionTest" name="test_regular_match_page_contact_captcha_does_not_set_security_lock" time="0.006" /><testcase classname="tests.test_poc.RequestProtectionTest" name="test_request_budget_stops_before_extra_network_call" time="0.001" /><testcase classname="tests.test_poc.RequestProtectionTest" name="test_same_origin_redirect_is_followed_within_hard_limit" time="0.001" /><testcase classname="tests.test_poc.RequestProtectionTest" name="test_standalone_captcha_page_with_http_200_sets_security_lock" time="0.011" /><testcase classname="tests.test_poc.RequestProtectionTest" name="test_unexpected_content_type_is_rejected" time="0.001" /><testcase classname="tests.test_poc.ScheduleProtectionTest" name="test_manual_refresh_bypasses_only_minimum_interval" time="0.006" /><testcase classname="tests.test_poc.ScheduleProtectionTest" name="test_missing_or_invalid_summary_fails_towards_safe_refresh" time="0.002" /><testcase classname="tests.test_poc.ScheduleProtectionTest" name="test_old_real_feed_allows_refresh" time="0.004" /><testcase classname="tests.test_poc.ScheduleProtectionTest" name="test_random_delay_stays_between_two_and_twelve_minutes" time="0.001" /><testcase classname="tests.test_poc.ScheduleProtectionTest" name="test_recent_real_feed_suppresses_duplicate_scrape" time="0.003" /><testcase classname="tests.test_poc.ScheduleProtectionTest" name="test_run_is_skipped_too_close_to_2200" time="0.001" /><testcase classname="tests.test_poc.ScheduleProtectionTest" name="test_window_is_open_from_0600_until_before_2200" time="0.001" /><testcase classname="tests.test_change_report.ChangeReportTests" name="test_changed_candidate_restarts_confirmation" time="0.005" /><testcase classname="tests.test_change_report.ChangeReportTests" name="test_checksum_only_change_is_ignored" time="0.001" /><testcase classname="tests.test_change_report.ChangeReportTests" name="test_detects_added_changed_and_removed" time="0.001" /><testcase classname="tests.test_change_report.ChangeReportTests" name="test_empty_new_feed_is_blocked" time="0.001" /><testcase classname="tests.test_change_report.ChangeReportTests" name="test_historical_removal_does_not_hold_current_feed" time="0.001" /><testcase classname="tests.test_change_report.ChangeReportTests" name="test_large_reduction_is_blocked" time="0.001" /><testcase classname="tests.test_change_report.ChangeReportTests" name="test_main_writes_report_and_public_copy" time="0.026" /><testcase classname="tests.test_change_report.ChangeReportTests" name="test_occupancy_extension_is_safe_but_shortening_is_confirmed" time="0.001" /><testcase classname="tests.test_change_report.ChangeReportTests" name="test_single_future_removal_requires_confirmation" time="0.001" /><testcase classname="tests.test_change_report.ChangeReportTests" name="test_small_legitimate_reduction_is_allowed" time="0.001" /><testcase classname="tests.test_change_report.ChangeReportTests" name="test_two_time_separated_identical_observations_confirm_change" time="0.007" /><testcase classname="tests.test_festival_relocations" name="test_exact_failure_resolved_without_extra_source_request" time="0.033" /><testcase classname="tests.test_festival_relocations" name="test_festival_times_links_and_own_team_survive[Rasen-Rasenplatz, Sportplatz Sch\xf6nwalde Strandbad, Platz 1]" time="0.038" /><testcase classname="tests.test_festival_relocations" name="test_festival_times_links_and_own_team_survive[Kunstrasen-Kunstrasenplatz, Sportplatz Sch\xf6nwalde Strandbad, Platz 2, KR]" time="0.041" /><testcase classname="tests.test_festival_relocations" name="test_festival_round_assignment_is_audited_and_recalculates_occupancy" time="0.032" /><testcase classname="tests.test_festival_relocations" name="test_explicit_complete_festival_assignment_overrides_default_order" time="0.032" /><testcase classname="tests.test_festival_relocations" name="test_partial_explicit_festival_assignment_fails_closed" time="0.025" /><testcase classname="tests.test_festival_relocations" name="test_festival_participant_must_belong_to_our_club" time="0.034" /><testcase classname="tests.test_festival_relocations" name="test_duplicate_rendered_festivals_are_collapsed_not_duplicated" time="0.063" /><testcase classname="tests.test_festival_relocations" name="test_unsafe_relocations_still_abort[no_pointer]" time="0.041" /><testcase classname="tests.test_festival_relocations" name="test_unsafe_relocations_still_abort[missing_target]" time="0.051" /><testcase classname="tests.test_festival_relocations" name="test_unsafe_relocations_still_abort[wrong_team_id]" time="0.032" /><testcase classname="tests.test_festival_relocations" name="test_unsafe_relocations_still_abort[wrong_number]" time="0.031" /><testcase classname="tests.test_festival_relocations" name="test_unsafe_relocations_still_abort[cyclic]" time="0.032" /><testcase classname="tests.test_festival_relocations" name="test_unrecognized_festival_group_cannot_silently_disappear" time="0.031" /><testcase classname="tests.test_festival_relocations" name="test_relocation_chain_can_move_earlier_and_more_than_once" time="0.031" /><testcase classname="tests.test_festival_relocations" name="test_publication_rejects_different_rules_or_missing_safety_buffers[event_start-2026-09-19T14:00+02:00]" time="0.032" /><testcase classname="tests.test_festival_relocations" name="test_publication_rejects_different_rules_or_missing_safety_buffers[event_end-2026-09-19T15:30+02:00]" time="0.034" /><testcase classname="tests.test_festival_relocations" name="test_publication_rejects_different_rules_or_missing_safety_buffers[match_duration_minutes-49]" time="0.033" /><testcase classname="tests.test_festival_relocations" name="test_publication_rejects_different_rules_or_missing_safety_buffers[duration_rule-unverified-90-minutes]" time="0.032" /><testcase classname="tests.test_festival_relocations" name="test_publication_rejects_different_rules_or_missing_safety_buffers[kickoff-2026-09-19T14:00]" time="0.032" /><testcase classname="tests.test_create_feed.StructuredFeedTests" name="test_feed_uses_public_times_and_separate_occupancy_times" time="0.149" /><testcase classname="tests.test_match_timing.MatchTimingRulesTest" name="test_all_regular_youth_age_classes" time="0.004" /><testcase classname="tests.test_match_timing.MatchTimingRulesTest" name="test_approved_festival_rules_include_breaks" time="0.002" /><testcase classname="tests.test_match_timing.MatchTimingRulesTest" name="test_f_festival_without_concrete_round_format_fails_closed" time="0.001" /><testcase classname="tests.test_match_timing.MatchTimingRulesTest" name="test_g_youth_festival_uses_club_approved_duration_including_breaks" time="0.001" /><testcase classname="tests.test_match_timing.MatchTimingRulesTest" name="test_recalculation_keeps_public_and_occupancy_times_separate" time="0.001" /><testcase classname="tests.test_match_timing.MatchTimingRulesTest" name="test_senior_league_durations" time="0.002" /><testcase classname="tests.test_match_timing.MatchTimingRulesTest" name="test_ue40_cup_uses_current_age_class_rule_without_invented_extension" time="0.001" /><testcase classname="tests.test_match_timing.MatchTimingRulesTest" name="test_unverified_twin_format_fails_closed" time="0.001" /><testcase classname="tests.test_match_timing.MatchTimingRulesTest" name="test_youth_cup_includes_age_specific_maximum_extension" time="0.004" /><testcase classname="tests.test_import_cross_window" name="test_explicit_cross_quarter_relocation_is_resolved_after_all_windows" time="0.045" /><testcase classname="tests.test_import_cross_window" name="test_cross_window_resolution_keeps_identity_and_target_safety[target_missing]" time="0.031" /><testcase classname="tests.test_import_cross_window" name="test_cross_window_resolution_keeps_identity_and_target_safety[team_changed]" time="0.039" /><testcase classname="tests.test_import_cross_window" name="test_cross_window_resolution_keeps_identity_and_target_safety[number_changed]" time="0.042" /><testcase classname="tests.test_import_cross_window" name="test_cross_window_resolution_keeps_identity_and_target_safety[venue_missing]" time="0.037" /><testcase classname="tests.test_import_cross_window" name="test_standalone_partial_window_still_rejects_missing_target" time="0.012" /><testcase classname="tests.test_import_cross_window" name="test_changed_row_markup_cannot_be_mistaken_for_empty_import" time="0.009" /><testcase classname="tests.test_import_guard_persistence" name="test_corrupt_pending_state_restarts_confirmation_without_releasing[malformed_json]" time="0.007" /><testcase classname="tests.test_import_guard_persistence" name="test_corrupt_pending_state_restarts_confirmation_without_releasing[invalid_count]" time="0.007" /><testcase classname="tests.test_import_guard_persistence" name="test_corrupt_pending_state_restarts_confirmation_without_releasing[inflated_count]" time="0.008" /><testcase classname="tests.test_import_guard_persistence" name="test_corrupt_pending_state_restarts_confirmation_without_releasing[future_clock]" time="0.007" /><testcase classname="tests.test_import_guard_persistence" name="test_corrupt_pending_state_restarts_confirmation_without_releasing[missing_clock]" time="0.008" /><testcase classname="tests.test_import_guard_persistence" name="test_corrupt_pending_state_restarts_confirmation_without_releasing[wrong_items]" time="0.007" /><testcase classname="tests.test_import_guard_persistence" name="test_replayed_acquisition_timestamp_does_not_count_as_new_read" time="0.010" /><testcase classname="tests.test_import_guard_persistence" name="test_cli_passes_source_acquisition_time_to_confirmation" time="0.010" /><testcase classname="tests.test_occupancy_source_safety" name="test_empty_source_id_is_not_masked_by_event_prefix[]" time="0.004" /><testcase classname="tests.test_occupancy_source_safety" name="test_empty_source_id_is_not_masked_by_event_prefix[dfb:]" time="0.005" /><testcase classname="tests.test_occupancy_source_safety" name="test_empty_source_id_is_not_masked_by_event_prefix[ ]" time="0.005" /><testcase classname="tests.test_occupancy_source_safety" name="test_duplicate_event_identity_rejected_across_prefix_forms" time="0.004" /><testcase classname="tests.test_occupancy_source_safety" name="test_feed_requires_explicit_timestamp_offsets[start]" time="0.005" /><testcase classname="tests.test_occupancy_source_safety" name="test_feed_requires_explicit_timestamp_offsets[end]" time="0.007" /><testcase classname="tests.test_occupancy_source_safety" name="test_feed_requires_explicit_timestamp_offsets[kickoff]" time="0.006" /><testcase classname="tests.test_occupancy_source_safety" name="test_feed_requires_explicit_timestamp_offsets[occupancyStart]" time="0.005" /><testcase classname="tests.test_occupancy_source_safety" name="test_feed_requires_explicit_timestamp_offsets[occupancyEnd]" time="0.007" /><testcase classname="tests.test_occupancy_source_safety" name="test_conflicting_pitch_fields_are_not_silently_resolved[Rasen-kunstrasen]" time="0.005" /><testcase classname="tests.test_occupancy_source_safety" name="test_conflicting_pitch_fields_are_not_silently_resolved[Kunstrasen-rasen]" time="0.005" /><testcase classname="tests.test_occupancy_source_safety" name="test_conflicting_pitch_fields_are_not_silently_resolved[unbekannt-rasen]" time="0.005" /><testcase classname="tests.test_occupancy_source_safety" name="test_elapsed_match_and_buffer_minutes_survive_both_dst_changes[2026-03-29-2026-03-30]" time="0.005" /><testcase classname="tests.test_occupancy_source_safety" name="test_elapsed_match_and_buffer_minutes_survive_both_dst_changes[2026-10-25-2026-10-26]" time="0.005" /><testcase classname="tests.test_occupancy_source_safety" name="test_match_safety_interval_overlaps_next_day" time="0.008" /><testcase classname="tests.test_occupancy_source_safety" name="test_ambiguous_or_nonexistent_local_request_time_needs_offset[2026-03-29T02:30]" time="0.004" /><testcase classname="tests.test_occupancy_source_safety" name="test_ambiguous_or_nonexistent_local_request_time_needs_offset[2026-10-25T02:30]" time="0.003" /><testcase classname="tests.test_occupancy_source_safety" name="test_missing_and_incomplete_ics_never_mean_no_matches[None]" time="0.003" /><testcase classname="tests.test_occupancy_source_safety" name="test_missing_and_incomplete_ics_never_mean_no_matches[]" time="0.004" /><testcase classname="tests.test_occupancy_source_safety" name="test_missing_and_incomplete_ics_never_mean_no_matches[&lt;html&gt;Service unavailable&lt;/html&gt;]" time="0.005" /><testcase classname="tests.test_occupancy_source_safety" name="test_missing_and_incomplete_ics_never_mean_no_matches[BEGIN:VCALENDAR\nBEGIN:VEVENT\nEND:VCALENDAR\n]" time="0.005" /><testcase classname="tests.test_occupancy_source_safety" name="test_missing_and_incomplete_ics_never_mean_no_matches[BEGIN:VCALENDAR\nBEGIN:VEVENT\nUID:one\nDTSTART:20260912T100000\nEND:VEVENT\nEND:VCALENDAR\n]" time="0.006" /><testcase classname="tests.test_occupancy_source_safety" name="test_explicit_valid_empty_ics_remains_distinguishable" time="0.005" /><testcase classname="tests.test_occupancy_source_safety" name="test_package_freshness_uses_source_acquisition_not_render_time[5-True]" time="0.004" /><testcase classname="tests.test_occupancy_source_safety" name="test_package_freshness_uses_source_acquisition_not_render_time[721-False]" time="0.006" /><testcase classname="tests.test_occupancy_source_safety" name="test_package_freshness_uses_source_acquisition_not_render_time[-10-False]" time="0.005" /><testcase classname="tests.test_occupancy_source_safety" name="test_legacy_package_is_not_called_fresh_without_source_age" time="0.007" /><testcase classname="tests.test_occupancy_service.OccupancyServiceTests" name="test_appack_maps_azure_detail_link_to_existing_popup_field" time="0.005" /><testcase classname="tests.test_occupancy_service.OccupancyServiceTests" name="test_description_url_is_extracted_and_cleaned" time="0.007" /><testcase classname="tests.test_occupancy_service.OccupancyServiceTests" name="test_duplicate_spielgemeinschaft_prefix_is_removed" time="0.006" /><testcase classname="tests.test_occupancy_service.OccupancyServiceTests" name="test_duplicate_ue40_team_prefix_is_removed" time="0.007" /><testcase classname="tests.test_occupancy_service.OccupancyServiceTests" name="test_duplicate_youth_team_prefix_is_structured_without_opponent" time="0.006" /><testcase classname="tests.test_occupancy_service.OccupancyServiceTests" name="test_match_is_debuffered_for_public_display" time="0.006" /><testcase classname="tests.test_occupancy_service.OccupancyServiceTests" name="test_match_normalization_keeps_safety_times_unchanged" time="0.005" /><testcase classname="tests.test_occupancy_service.OccupancyServiceTests" name="test_new_schedule_starts_on_11_august" time="0.005" /><testcase classname="tests.test_occupancy_service.OccupancyServiceTests" name="test_no_training_before_effective_date" time="0.005" /><testcase classname="tests.test_occupancy_service.OccupancyServiceTests" name="test_range_is_limited" time="0.004" /><testcase classname="tests.test_occupancy_service.OccupancyServiceTests" name="test_structured_match_source_includes_rasen_and_kunstrasen" time="0.005" /><testcase classname="tests.test_occupancy_service.OccupancyServiceTests" name="test_structured_match_source_rejects_missing_safety_buffer" time="0.005" /><testcase classname="tests.test_occupancy_service.OccupancyServiceTests" name="test_summary_without_duplicate_prefix_is_unchanged" time="0.006" /><testcase classname="tests.test_occupancy_service.OccupancyServiceTests" name="test_unknown_season_is_rejected" time="0.004" /><testcase classname="tests.test_occupancy_service.ProductionScheduleTests" name="test_11_august_contains_final_summer_training_plan" time="0.004" /><testcase classname="tests.test_occupancy_service.ProductionScheduleTests" name="test_e2_monday_uses_new_time_only_in_summer" time="0.008" /><testcase classname="tests.test_occupancy_service.ProductionScheduleTests" name="test_final_weekly_schedule_sizes" time="0.001" /><testcase classname="tests.test_occupancy_service.ProductionScheduleTests" name="test_ue40_monday_uses_grass_only_in_summer" time="0.006" /><testcase classname="tests.test_occupancy_runtime_source.OccupancyRuntimeSourceTests" name="test_current_manifest_downloads_hash_checks_and_caches_rescheduled_match" time="0.007" /><testcase classname="tests.test_occupancy_runtime_source.OccupancyRuntimeSourceTests" name="test_package_source_remains_default_outside_dynamic_production" time="0.002" /><testcase classname="tests.test_occupancy_runtime_source.OccupancyRuntimeSourceTests" name="test_previous_manifest_is_not_used_to_resurrect_old_kickoff" time="0.002" /><testcase classname="tests.test_occupancy_runtime_source.OccupancyRuntimeSourceTests" name="test_reachable_new_manifest_with_bad_hash_never_returns_old_cache" time="0.005" /><testcase classname="tests.test_occupancy_runtime_source.OccupancyRuntimeSourceTests" name="test_read_only_display_never_hides_malformed_current_manifest" time="0.006" /><testcase classname="tests.test_occupancy_runtime_source.OccupancyRuntimeSourceTests" name="test_read_only_display_rejects_feed_beyond_hard_limit" time="0.002" /><testcase classname="tests.test_occupancy_runtime_source.OccupancyRuntimeSourceTests" name="test_read_only_display_uses_current_validated_feed_during_short_delay" time="0.008" /><testcase classname="tests.test_occupancy_runtime_source.OccupancyRuntimeSourceTests" name="test_safety_relevant_lookup_stays_strict_during_same_delay" time="0.002" /><testcase classname="tests.test_occupancy_runtime_source.OccupancyRuntimeSourceTests" name="test_stale_cache_is_rejected_during_blob_outage" time="0.005" /><testcase classname="tests.test_occupancy_api_resilience.OccupancyApiResilienceTests" name="test_conflict_checks_do_not_opt_into_display_grace_period" time="0.007" /><testcase classname="tests.test_occupancy_api_resilience.OccupancyApiResilienceTests" name="test_read_only_calendar_keeps_last_validated_current_feed_visible" time="0.007" /><testcase classname="tests.test_training_cancellations.TrainingCancellationTests" name="test_calendar_marks_cancelled_training_but_keeps_it_visible" time="0.008" /><testcase classname="tests.test_training_cancellations.TrainingCancellationTests" name="test_cancel_and_restore_are_audited_and_idempotent" time="0.002" /><testcase classname="tests.test_training_cancellations.TrainingCancellationTests" name="test_cancelled_e1_releases_its_entire_buffer_before_a_training" time="0.002" /><testcase classname="tests.test_training_cancellations.TrainingCancellationTests" name="test_changed_or_ambiguous_legacy_runtime_stays_blocked" time="0.002" /><testcase classname="tests.test_training_cancellations.TrainingCancellationTests" name="test_existing_appack_plan_has_no_secret_and_requires_confirmation" time="0.007" /><testcase classname="tests.test_training_cancellations.TrainingCancellationTests" name="test_legacy_runtime_without_ids_is_resolved_by_exact_occurrence" time="0.002" /><testcase classname="tests.test_training_cancellations.TrainingCancellationTests" name="test_mower_keeps_buffer_until_cancellation_becomes_effective" time="0.002" /><testcase classname="tests.test_training_cancellations.TrainingCancellationTests" name="test_only_real_training_occurrences_receive_stable_ids" time="0.002" /><testcase classname="tests.test_training_cancellations.TrainingCancellationTests" name="test_same_rasen_ids_drive_calendar_and_mower" time="0.003" /><testcase classname="tests.test_training_cancellation_api.TrainingCancellationApiTests" name="test_cancel_then_restore_exact_occurrence" time="0.011" /><testcase classname="tests.test_training_cancellation_api.TrainingCancellationApiTests" name="test_get_lists_only_training_occurrences" time="0.004" /><testcase classname="tests.test_training_cancellation_api.TrainingCancellationApiTests" name="test_match_or_forged_id_cannot_be_cancelled" time="0.005" /><testcase classname="tests.test_training_cancellation_api.TrainingCancellationApiTests" name="test_text_plain_simple_request_is_parsed_without_cors_preflight" time="0.010" /><testcase classname="tests.test_training_cancellation_api.TrainingCancellationApiTests" name="test_wrong_confirmation_cannot_change_anything" time="0.011" /><testcase classname="tests.test_trainer_occupancy_api.TrainerOccupancyApiTests" name="test_contact_reference_must_be_an_opaque_technical_id" time="0.007" /><testcase classname="tests.test_trainer_occupancy_api.TrainerOccupancyApiTests" name="test_creator_or_app_admin_can_delete_manual_entry" time="0.007" /><testcase classname="tests.test_trainer_occupancy_api.TrainerOccupancyApiTests" name="test_kunstrasen_is_visible_in_both_seasons_without_mower_block" time="0.006" /><testcase classname="tests.test_trainer_occupancy_api.TrainerOccupancyApiTests" name="test_manual_creator_can_enrich_own_incomplete_profile_name_on_move" time="0.011" /><testcase classname="tests.test_trainer_occupancy_api.TrainerOccupancyApiTests" name="test_manual_entry_keeps_creator_and_records_mover_separately" time="0.011" /><testcase classname="tests.test_trainer_occupancy_api.TrainerOccupancyApiTests" name="test_move_to_occupied_pitch_requires_same_second_confirmation" time="0.014" /><testcase classname="tests.test_trainer_occupancy_api.TrainerOccupancyApiTests" name="test_overlap_requires_explicit_second_confirmation" time="0.013" /><testcase classname="tests.test_trainer_occupancy_api.TrainerOccupancyApiTests" name="test_profile_contact_copy_is_ignored_without_blocking_creation" time="0.007" /><testcase classname="tests.test_trainer_occupancy_api.TrainerOccupancyApiTests" name="test_rasen_is_saved_directly_and_gets_fixed_mower_buffers" time="0.006" /><testcase classname="tests.test_trainer_occupancy_api.TrainerOccupancyApiTests" name="test_recurring_training_can_move_in_time_on_same_pitch" time="0.007" /><testcase classname="tests.test_trainer_occupancy_api.TrainerOccupancyApiTests" name="test_recurring_training_moves_atomically_to_other_pitch" time="0.013" /><testcase classname="tests.test_trainer_occupancy_api.TrainerOccupancyApiTests" name="test_relocated_training_can_be_cancelled_after_multiple_moves" time="0.013" /><testcase classname="tests.test_trainer_occupancy_api.TrainerOccupancyApiTests" name="test_relocated_training_stays_blocked_if_cancellation_fails" time="0.010" /><testcase classname="tests.test_trainer_occupancy_api.TrainerOccupancyApiTests" name="test_temporal_move_requires_complete_range_and_an_actual_change" time="0.004" /><testcase classname="tests.test_trainer_occupancy_api.TrainerOccupancyApiTests" name="test_wrong_confirmation_and_past_start_are_rejected" time="0.003" /><testcase classname="tests.test_special_occupancy.SpecialOccupancyTests" name="test_dynamic_special_replaces_static_and_suppresses_training" time="0.001" /><testcase classname="tests.test_special_occupancy.SpecialOccupancyTests" name="test_idempotent_upsert_and_conflicting_command_id" time="0.001" /><testcase classname="tests.test_special_occupancy.SpecialOccupancyTests" name="test_kunstrasen_special_never_creates_mower_block" time="0.001" /><testcase classname="tests.test_special_occupancy.SpecialOccupancyTests" name="test_mail_transport_decodes_command_and_rejects_wrong_sender" time="0.001" /><testcase classname="tests.test_special_occupancy.SpecialOccupancyTests" name="test_rasen_special_becomes_mower_block_with_buffer" time="0.001" /><testcase classname="tests.test_special_occupancy.SpecialOccupancyTests" name="test_relocation_suppresses_only_linked_training_across_places" time="0.001" /><testcase classname="tests.test_special_occupancy.SpecialOccupancyTests" name="test_special_is_a_safe_park_and_restart_source" time="0.001" /><testcase classname="tests.test_match_workflow_environment.MatchWorkflowTestEnvironmentTests" name="test_pytest_dependency_and_full_collection_are_explicit" time="0.001" /><testcase classname="tests.test_mower_schedule.MowerPlannerTests" name="test_dashboard_block_keeps_merged_appointment_details" time="0.001" /><testcase classname="tests.test_mower_schedule.MowerPlannerTests" name="test_expected_tuesday_windows_are_created" time="0.001" /><testcase classname="tests.test_mower_schedule.MowerPlannerTests" name="test_hydrawise_running_and_future_zone_are_blocked" time="0.001" /><testcase classname="tests.test_mower_schedule.MowerPlannerTests" name="test_kunstrasen_e2_monday_does_not_block_grass_mower" time="0.002" /><testcase classname="tests.test_mower_schedule.MowerPlannerTests" name="test_match_ics_is_used_without_additional_buffer" time="0.004" /><testcase classname="tests.test_mower_schedule.MowerPlannerTests" name="test_match_park_command_is_seventy_minutes_before_kickoff" time="0.001" /><testcase classname="tests.test_mower_schedule.MowerPlannerTests" name="test_next_safe_window_skips_time_too_short_before_training" time="0.001" /><testcase classname="tests.test_mower_schedule.MowerPlannerTests" name="test_production_ue40_monday_blocks_grass_with_training_buffers" time="0.001" /><testcase classname="tests.test_mower_schedule.MowerPlannerTests" name="test_short_free_window_is_removed" time="0.001" /><testcase classname="tests.test_mower_schedule.MowerPlannerTests" name="test_training_gets_30_minute_buffer_and_adjacent_sessions_merge" time="0.001" /><testcase classname="tests.test_mower_schedule.MowerPlannerTests" name="test_training_park_command_is_forty_minutes_before_training" time="0.001" /></testsuite></testsuites>